<?xml version="1.0" encoding="UTF-8"?>
<testng-results skipped="0" failed="0" ignored="0" total="1" passed="1">
  <reporter-output>
  </reporter-output>
  <suite name="Default suite" duration-ms="1016" started-at="2019-10-29T21:46:55 IST" finished-at="2019-10-29T21:46:56 IST">
    <groups>
    </groups>
    <test name="Default test" duration-ms="1016" started-at="2019-10-29T21:46:55 IST" finished-at="2019-10-29T21:46:56 IST">
      <class name="mavenproject.Dataexisting">
        <test-method status="PASS" signature="f()[pri:0, instance:mavenproject.Dataexisting@5ae63ade]" name="f" duration-ms="953" started-at="2019-10-29T21:46:55 IST" finished-at="2019-10-29T21:46:56 IST">
          <reporter-output>
          </reporter-output>
        </test-method> <!-- f -->
      </class> <!-- mavenproject.Dataexisting -->
    </test> <!-- Default test -->
  </suite> <!-- Default suite -->
</testng-results>
